<?xml version="1.0" encoding="utf-8"?>
<test-results date="2018-10-28" name="Expecto.Tests" total="0" errors="0" failures="0" ignored="0" not-run="0" inconclusive="0" skipped="0" invalid="0" time="21:36:04">
  <environment expecto-version="8.4.3" clr-version="4.0.30319.42000" os-version="Unix 4.15.0.38" platform="Linux" cwd="/home/dominik/Projects/SAFE-Containers/src/Services/Order/Order.UnitTests" machine-name="dominik-Aspire-VN7-592G" user="dominik" user-domain="dominik-Aspire-VN7-592G" />
  <culture-info current-culture="en-US" current-uiculture="en-US" />
  <test-suite type="Assembly" name="Expecto.Tests" executed="True" result="Success" success="True" time="0.022" asserts="0">
    <results />
  </test-suite>
</test-results>